[2014-11-18 22:05:32] START
[2014-11-18 22:06:43] EDIT recipe/controllers/default.py: 0
[2014-11-18 22:23:55] EDIT recipe/controllers/default.py: 0
[2014-11-18 22:24:15] EDIT recipe/views/default/index.html: 1
[2014-11-18 22:28:32] EDIT recipe/views/default/index.html: 1
[2014-11-18 22:30:59] EDIT recipe/controllers/default.py: 4
[2014-11-18 22:31:19] EDIT recipe/views/default/index.html: 1
[2014-11-18 22:33:11] CREATE first.html: 0
[2014-11-18 22:33:17] EDIT recipe/views/first.html: 0
[2014-11-18 22:33:44] EDIT recipe/controllers/default.py: 4
[2014-11-18 22:33:54] EDIT recipe/controllers/default.py: 0
[2014-11-18 22:38:40] CREATE default/first.html: 0
[2014-11-18 22:38:43] EDIT recipe/views/default/first.html: 0
[2014-11-18 22:45:55] EDIT recipe/views/default/first.html: 5
[2014-11-18 22:46:02] CREATE default/second.html: 0
[2014-11-18 22:46:14] EDIT recipe/views/default/second.html: -1
[2014-11-18 22:46:42] EDIT recipe/views/default/first.html: 0
[2014-11-18 22:48:05] EDIT recipe/controllers/default.py: 3
[2014-11-18 22:48:14] EDIT recipe/views/default/first.html: 0
[2014-11-18 22:48:43] EDIT recipe/views/default/second.html: 0
[2014-11-18 22:52:21] EDIT recipe/controllers/default.py: 2
[2014-11-18 22:52:29] EDIT recipe/controllers/default.py: 0
[2014-11-18 22:59:17] EDIT recipe/controllers/default.py: 2
[2014-11-18 22:59:47] EDIT recipe/controllers/default.py: 0
[2014-11-18 23:00:40] EDIT recipe/controllers/default.py: 0
[2014-11-18 23:00:52] EDIT recipe/views/default/first.html: -3
[2014-11-18 23:01:34] EDIT recipe/views/default/first.html: -1
[2014-11-18 23:02:01] EDIT recipe/views/default/first.html: -1
[2014-11-18 23:05:46] EDIT recipe/models/db.py: 15
[2014-11-18 23:10:06] EDIT recipe/models/db.py: 0
[2014-11-18 23:16:21] EDIT recipe/controllers/default.py: 1
[2014-11-18 23:16:52] EDIT recipe/views/default/first.html: 5
[2014-11-18 23:18:37] EDIT recipe/controllers/default.py: 10
[2014-11-18 23:19:31] EDIT recipe/controllers/default.py: 0
[2014-11-18 23:19:51] EDIT recipe/controllers/default.py: 0
[2014-11-18 23:21:38] CREATE default/show.html: 0
[2014-11-18 23:22:02] EDIT recipe/views/default/show.html: 8
[2014-11-18 23:22:32] EDIT recipe/views/default/show.html: 3
[2014-11-18 23:56:50] EDIT recipe/views/default/show.html: 4
[2014-11-18 23:57:16] EDIT recipe/views/default/show.html: 0
[2014-11-18 23:58:52] EDIT recipe/views/default/show.html: 0
[2014-11-18 23:59:05] EDIT recipe/views/default/show.html: 0
[2014-11-19 00:00:15] EDIT recipe/views/default/show.html: -3
[2014-11-19 00:01:01] EDIT recipe/models/db.py: 1
[2014-11-19 00:01:09] EDIT recipe/models/db.py: -1
[2014-11-19 00:01:57] EDIT recipe/models/db.py: 0
[2014-11-19 00:02:36] EDIT recipe/controllers/default.py: -2
[2014-11-19 02:56:55] EDIT recipe/controllers/default.py: 1
[2014-11-19 02:58:18] EDIT recipe/controllers/default.py: 4
[2014-11-19 02:58:31] CREATE default/manage.html: 0
[2014-11-19 02:58:44] EDIT recipe/views/default/manage.html: 0
[2014-11-19 03:11:58] EDIT recipe/controllers/default.py: 0
[2014-11-20 00:59:28] EDIT recipe/models/db.py: 12
[2014-11-20 01:00:21] EDIT recipe/models/db.py: 0
[2014-11-20 01:02:15] EDIT recipe/models/db.py: 0
[2014-11-20 01:03:09] EDIT recipe/models/db.py: 1
[2014-11-20 01:04:05] EDIT recipe/models/db.py: 2
[2014-11-20 01:04:30] EDIT recipe/models/db.py: -1
[2014-11-20 01:04:48] EDIT recipe/models/db.py: 1
[2014-11-20 01:06:37] EDIT recipe/models/db.py: 7
[2014-11-20 01:07:13] EDIT recipe/models/db.py: 3
[2014-11-20 01:08:33] EDIT recipe/models/db.py: 9
[2014-11-20 01:10:12] EDIT recipe/models/db.py: -8
[2014-11-20 01:11:03] EDIT recipe/models/db.py: -9
[2014-11-20 01:11:24] EDIT recipe/models/db.py: -6
[2014-11-20 01:13:09] CREATE recipe.py: 0
[2014-11-20 01:13:22] EDIT recipe/controllers/recipe.py: 15
[2014-11-20 01:14:08] EDIT recipe/controllers/default.py: -78
[2014-11-20 01:15:44] EDIT recipe/controllers/recipe.py: 0
[2014-11-20 01:16:02] EDIT recipe/controllers/recipe.py: 0
[2014-11-20 01:40:32] EDIT init/controllers/default.py: 14
[2014-11-20 01:42:36] EDIT init/views/layout.html: -1
[2014-11-20 01:42:47] EDIT init/views/layout.html: 1
[2014-11-20 01:43:41] EDIT init/controllers/appadmin.py: 0
[2014-11-20 01:46:11] EDIT init/controllers/appadmin.py: 0
[2014-11-20 01:55:36] EDIT init/views/layout.html: -1
[2014-11-20 01:55:42] EDIT init/views/layout.html: 1
[2014-11-20 01:55:57] EDIT init/views/layout.html: 0
[2014-11-20 01:57:37] EDIT init/controllers/appadmin.py: -6
[2014-11-20 01:57:42] EDIT init/controllers/appadmin.py: 6
[2014-11-20 01:57:54] EDIT init/controllers/appadmin.py: 1
[2014-11-20 02:03:42] EDIT init/controllers/default.py: 3
[2014-11-20 02:03:54] EDIT init/controllers/default.py: 0
[2014-11-20 02:05:03] EDIT init/controllers/default.py: 1
[2014-11-20 02:05:21] EDIT init/controllers/default.py: 0
[2014-11-20 02:06:56] EDIT init/controllers/default.py: 39
[2014-11-20 02:07:32] EDIT init/controllers/default.py: 0
[2014-11-20 02:07:45] EDIT init/controllers/default.py: 0
[2014-11-20 02:08:52] EDIT init/views/default/index.html: -23
[2014-11-20 02:10:25] EDIT init/controllers/default.py: 0
[2014-11-20 02:11:54] EDIT init/views/default/index.html: 14
[2014-11-20 02:12:35] EDIT init/views/default/index.html: -1
[2014-11-20 02:12:59] EDIT init/views/default/index.html: -5
[2014-11-20 02:13:32] EDIT init/views/default/index.html: 0
[2014-11-20 02:24:30] EDIT init/controllers/default.py: 2
[2014-11-20 02:25:14] EDIT init/views/default/show.html: 0
[2014-11-20 02:25:45] EDIT init/controllers/default.py: 1
[2014-11-20 02:26:24] EDIT init/controllers/default.py: 0
[2014-11-20 02:26:43] EDIT init/controllers/default.py: 0
[2014-11-20 02:26:54] EDIT init/controllers/default.py: 0
[2014-11-20 02:27:38] EDIT init/controllers/default.py: 0
[2014-11-20 02:28:13] EDIT init/controllers/default.py: 0
[2014-11-20 02:29:01] EDIT init/controllers/default.py: -2
[2014-11-20 02:29:12] EDIT init/views/default/show.html: -10
[2014-11-20 02:29:18] EDIT init/views/default/show.html: 10
[2014-11-20 02:29:23] EDIT init/controllers/default.py: 2
[2014-11-20 02:29:30] EDIT init/controllers/default.py: 0
[2014-11-20 02:42:18] EDIT init/views/default/show.html: -4
[2014-11-20 02:42:27] EDIT init/views/default/show.html: -9
[2014-11-20 02:42:31] EDIT init/views/default/show.html: 13
[2014-11-20 02:42:49] EDIT init/controllers/default.py: -5
[2014-11-20 02:43:14] EDIT init/views/default/show.html: -14
[2014-11-20 02:43:18] EDIT init/views/default/show.html: 14
[2014-11-20 02:44:45] EDIT init/controllers/default.py: 2
[2014-11-20 02:44:50] EDIT init/controllers/default.py: 0
[2014-11-20 02:45:09] EDIT init/controllers/default.py: 0
[2014-11-20 02:45:23] EDIT init/controllers/default.py: 0
[2014-11-20 02:45:58] EDIT init/controllers/default.py: 0
[2014-11-20 02:45:59] EDIT init/controllers/default.py: 0
[2014-11-20 02:46:55] EDIT init/controllers/default.py: 0
[2014-11-20 02:47:03] EDIT init/controllers/default.py: 0
[2014-11-20 02:47:48] EDIT init/controllers/default.py: 1
[2014-11-20 02:48:17] EDIT init/controllers/default.py: 0
[2014-11-20 02:48:17] EDIT init/controllers/default.py: 0
[2014-11-20 02:48:41] EDIT init/controllers/default.py: 2
[2014-11-20 02:48:57] EDIT init/views/default/show.html: 0
[2014-11-20 02:49:22] EDIT init/views/default/show.html: 0
[2014-11-20 02:52:00] EDIT init/controllers/default.py: 0
[2014-11-20 02:54:03] CREATE default/new_recipe.html: 0
[2014-11-20 02:54:05] EDIT init/views/default/new_recipe.html: 0
[2014-11-20 02:54:16] EDIT init/views/default/new_recipe.html: -2
[2014-11-20 02:54:33] EDIT init/views/default/new_recipe.html: 2
[2014-11-20 02:57:35] EDIT init/views/layout.html: 1
[2014-11-20 02:58:50] EDIT init/static/js/web2py_bootstrap.js: 1
[2014-11-20 03:02:34] EDIT init/views/layout.html: 1
[2014-11-20 03:04:40] EDIT init/views/layout.html: 0
[2014-11-20 03:05:14] EDIT init/views/layout.html: 1
[2014-11-20 03:05:54] EDIT init/static/js/web2py_bootstrap.js: 5
[2014-11-20 03:07:15] EDIT init/models/db.py: 0
[2014-11-20 03:12:22] EDIT init/views/default/show.html: 0
[2014-11-20 03:12:49] EDIT init/views/default/show.html: 0
[2014-11-20 03:13:13] EDIT init/views/default/show.html: 0
[2014-11-20 03:15:21] EDIT init/controllers/appadmin.py: 1
[2014-11-20 03:15:29] EDIT init/controllers/appadmin.py: -2
[2014-11-20 03:16:27] EDIT init/models/db.py: 2
[2014-11-20 03:16:40] EDIT init/models/db.py: -1
[2014-11-20 03:16:53] EDIT init/models/db.py: -1
[2014-11-20 03:16:57] EDIT init/models/db.py: 2
[2014-11-20 03:17:12] EDIT init/models/db.py: 0
[2014-11-20 03:17:18] EDIT init/models/db.py: 0
[2014-11-20 03:17:29] EDIT init/models/db.py: -1
[2014-11-20 03:17:40] EDIT init/models/db.py: -1
[2014-11-20 03:18:00] EDIT init/models/db.py: 2
[2014-11-20 04:29:09] EDIT init/models/db.py: 6
[2014-11-20 04:31:29] EDIT init/models/db.py: -3
[2014-11-20 04:32:07] EDIT init/controllers/default.py: 1
[2014-11-20 04:33:20] EDIT init/controllers/default.py: -1
[2014-11-20 04:33:33] EDIT init/controllers/default.py: 0
[2014-11-20 04:41:01] EDIT init/controllers/default.py: 11
[2014-11-20 04:42:01] EDIT init/controllers/default.py: 4
[2014-11-20 04:45:43] EDIT init/models/db.py: 0
[2014-11-20 04:46:52] EDIT init/controllers/default.py: -5
[2014-11-20 04:47:43] EDIT init/controllers/default.py: 0
[2014-11-20 04:47:53] EDIT init/controllers/default.py: -4
[2014-11-20 04:50:52] EDIT init/models/db.py: 5
[2014-11-20 04:51:24] EDIT init/controllers/default.py: 0
[2014-11-20 04:51:50] EDIT init/controllers/default.py: 1
[2014-11-20 04:53:00] EDIT init/controllers/default.py: 1
[2014-11-20 04:54:32] EDIT init/controllers/default.py: 3
[2014-11-20 04:54:40] EDIT init/controllers/default.py: -1
[2014-11-20 04:54:52] EDIT init/controllers/default.py: 0
[2014-11-20 04:55:12] EDIT init/models/db.py: -5
[2014-11-20 04:55:37] EDIT init/models/db.py: 7
[2014-11-20 04:55:41] EDIT init/models/db.py: 0
[2014-11-20 04:55:45] EDIT init/controllers/default.py: 0
[2014-11-20 04:56:21] EDIT init/controllers/default.py: 0
[2014-11-20 04:56:43] EDIT init/controllers/default.py: -3
[2014-11-20 04:57:11] EDIT init/models/db.py: -2
[2014-11-20 04:57:59] EDIT init/controllers/default.py: 5
[2014-11-20 04:58:31] EDIT init/controllers/default.py: -1
[2014-11-20 04:59:09] EDIT init/controllers/default.py: 0
[2014-11-20 04:59:19] EDIT init/controllers/default.py: 0
[2014-11-20 05:00:27] EDIT init/controllers/default.py: -1
[2014-11-20 05:01:42] EDIT init/controllers/default.py: 4
[2014-11-20 05:02:11] EDIT init/controllers/default.py: 1
[2014-11-20 05:02:47] EDIT init/controllers/default.py: 1
[2014-11-20 05:02:50] EDIT init/controllers/default.py: -1
[2014-11-20 05:08:33] EDIT init/models/db.py: 0
[2014-11-20 05:09:46] EDIT init/controllers/default.py: 4
[2014-11-20 05:11:15] EDIT init/controllers/default.py: 7
[2014-11-20 05:12:09] EDIT init/controllers/default.py: 12
[2014-11-20 05:12:24] EDIT init/controllers/default.py: -1
[2014-11-20 05:12:39] EDIT init/controllers/default.py: 1
[2014-11-20 05:13:08] EDIT init/static/js/web2py_bootstrap.js: 10
[2014-11-20 05:15:09] EDIT init/views/layout.html: 1
[2014-11-20 05:15:38] EDIT init/views/layout.html: 1
[2014-11-20 05:16:38] EDIT init/controllers/default.py: 4
[2014-11-20 05:16:50] EDIT init/controllers/default.py: 0
[2014-11-20 05:17:27] EDIT init/controllers/default.py: 4
[2014-11-20 05:17:56] EDIT init/controllers/default.py: 0
[2014-11-20 05:20:15] CREATE contact.py: 0
[2014-11-20 05:21:01] EDIT init/modules/contact.py: 29
[2014-11-20 05:21:15] EDIT init/modules/contact.py: 0
[2014-11-20 05:21:19] EDIT init/modules/contact.py: 0
[2014-11-20 05:21:31] EDIT init/modules/contact.py: 0
[2014-11-20 05:21:42] EDIT init/modules/contact.py: 0
[2014-11-20 05:21:53] EDIT init/modules/contact.py: 0
[2014-11-20 05:22:02] EDIT init/modules/contact.py: 0
[2014-11-20 05:22:11] EDIT init/modules/contact.py: 0
[2014-11-20 05:22:40] EDIT init/controllers/default.py: -12
[2014-11-20 05:22:49] EDIT init/controllers/default.py: 1
[2014-11-20 05:23:21] EDIT init/controllers/default.py: 5
[2014-11-20 05:23:36] EDIT init/controllers/default.py: 0
[2014-11-20 05:25:20] EDIT init/controllers/default.py: 12
[2014-11-20 05:25:31] EDIT init/controllers/default.py: 0
[2014-11-20 05:25:42] EDIT init/controllers/default.py: 0
[2014-11-20 05:27:05] EDIT init/controllers/default.py: 0
[2014-11-20 05:27:29] EDIT init/controllers/default.py: -6
[2014-11-20 05:29:21] EDIT init/views/default/index.html: 0
[2014-11-20 05:29:32] EDIT init/views/default/index.html: 1
[2014-11-20 05:30:04] EDIT init/views/default/index.html: 3
[2014-11-20 05:30:09] EDIT init/views/default/index.html: 0
[2014-11-20 05:30:14] EDIT init/views/default/index.html: 0
[2014-11-20 05:33:57] EDIT init/controllers/default.py: 3
[2014-11-20 05:33:57] EDIT init/controllers/default.py: 0
[2014-11-20 05:34:11] EDIT init/controllers/default.py: 0
[2014-11-20 05:36:35] EDIT init/models/db.py: 3
[2014-11-20 05:36:57] EDIT init/models/db.py: 1
[2014-11-20 05:37:17] EDIT init/models/db.py: 1
[2014-11-20 05:38:21] EDIT init/models/db.py: 0
[2014-11-20 05:38:52] EDIT init/controllers/default.py: -1
[2014-11-20 05:39:38] EDIT init/controllers/default.py: 1
[2014-11-20 05:39:48] EDIT init/controllers/default.py: -1
[2014-11-20 20:47:35] EDIT init/models/db.py: 1
[2014-11-20 20:51:13] EDIT init/models/menu.py: -94
[2014-11-20 20:51:51] EDIT init/models/menu.py: 0
[2014-11-20 20:52:02] EDIT init/models/menu.py: 0
[2014-11-20 20:52:29] EDIT init/controllers/default.py: 0
[2014-11-20 20:54:50] EDIT init/controllers/default.py: 14
[2014-11-20 20:54:53] EDIT init/controllers/default.py: -1
[2014-11-20 20:55:16] EDIT init/controllers/default.py: -14
[2014-11-20 20:55:20] EDIT init/controllers/default.py: 0
[2014-11-20 20:55:37] EDIT init/controllers/default.py: -1
[2014-11-20 20:55:57] EDIT init/views/default/index.html: -1
[2014-11-20 20:56:47] EDIT init/views/default/new_recipe.html: 2
[2014-11-20 20:57:14] EDIT init/static/js/web2py_bootstrap.js: 0
[2014-11-20 21:00:52] EDIT init/models/db.py: 0
[2014-11-20 21:01:18] EDIT init/views/default/index.html: 1
[2014-11-20 21:01:51] EDIT init/controllers/default.py: 1
[2014-11-20 21:03:05] EDIT init/controllers/default.py: -1
[2014-11-20 21:04:51] EDIT init/views/default/index.html: 0
[2014-11-20 21:05:07] EDIT init/views/default/index.html: -1
[2014-11-20 21:05:27] EDIT init/views/default/index.html: 1
[2014-11-20 21:06:15] EDIT init/views/default/index.html: 0
[2014-11-20 21:06:31] EDIT init/views/default/index.html: 0
[2014-11-20 21:06:47] EDIT init/views/default/index.html: 0
[2014-11-20 21:07:17] EDIT init/views/default/index.html: 2
[2014-11-20 21:07:33] EDIT init/views/default/index.html: 0
[2014-11-20 21:09:28] EDIT init/views/default/index.html: 1
[2014-11-20 21:10:18] EDIT init/views/default/index.html: 0
[2014-11-20 21:10:46] EDIT init/views/default/index.html: 0
[2014-11-20 21:12:30] EDIT init/views/default/index.html: 0
[2014-11-20 21:13:58] EDIT init/controllers/default.py: 3
[2014-11-20 21:15:50] EDIT init/controllers/default.py: 0
[2014-11-20 21:16:02] EDIT init/controllers/default.py: 0
[2014-11-20 21:16:59] EDIT init/controllers/default.py: 1
[2014-11-20 21:17:07] EDIT init/controllers/default.py: 0
[2014-11-20 21:58:57] EDIT init/views/default/index.html: 0
[2014-11-20 21:59:12] EDIT init/views/default/index.html: 0
[2014-11-20 23:20:59] EDIT init/controllers/default.py: 3
[2014-11-20 23:21:16] EDIT init/controllers/default.py: 0
[2014-11-20 23:21:29] EDIT init/controllers/default.py: 0
[2014-11-20 23:21:47] EDIT init/controllers/default.py: 0
[2014-11-20 23:21:56] EDIT init/controllers/default.py: 0
[2014-11-20 23:22:06] EDIT init/controllers/default.py: 0
[2014-11-20 23:22:11] EDIT init/controllers/default.py: 0
[2014-11-20 23:22:20] EDIT init/controllers/default.py: 0
[2014-11-20 23:22:37] EDIT init/controllers/default.py: 0
[2014-11-20 23:24:18] EDIT init/views/default/index.html: 3
[2014-11-20 23:24:32] EDIT init/controllers/default.py: 3
[2014-11-20 23:29:46] EDIT init/models/db.py: 0
[2014-11-20 23:30:20] EDIT init/models/db.py: 1
[2014-11-20 23:30:30] EDIT init/models/db.py: 0
[2014-11-20 23:30:51] EDIT init/views/default/index.html: 0
[2014-11-20 23:36:21] EDIT init/views/default/show.html: 0
[2014-11-20 23:38:15] EDIT init/views/default/show.html: 0
[2014-11-20 23:38:40] EDIT init/views/default/show.html: 1
[2014-11-20 23:40:01] EDIT init/views/default/show.html: 9
[2014-11-20 23:40:24] EDIT init/views/default/show.html: 0
[2014-11-20 23:41:06] EDIT init/views/default/show.html: 0
[2014-11-20 23:41:24] EDIT init/views/default/show.html: 0
[2014-11-20 23:41:32] EDIT init/views/default/show.html: 3
[2014-11-20 23:42:06] EDIT init/views/default/show.html: 0
[2014-11-20 23:42:13] EDIT init/views/default/show.html: 0
[2014-11-20 23:42:35] EDIT init/views/default/show.html: 0
[2014-11-20 23:43:13] EDIT init/views/layout.html: -1
[2014-11-20 23:44:00] EDIT init/controllers/default.py: 1
[2014-11-20 23:44:09] EDIT init/controllers/default.py: 0
[2014-11-20 23:44:21] EDIT init/views/layout.html: 1
[2014-11-20 23:44:47] EDIT init/views/layout.html: -10
[2014-11-20 23:45:12] EDIT init/controllers/default.py: 0
[2014-11-20 23:48:11] EDIT init/models/menu.py: 0
[2014-11-20 23:48:53] CREATE default/my_recipes.html: 0
[2014-11-20 23:49:08] EDIT init/views/default/my_recipes.html: 8
[2014-11-20 23:49:21] EDIT init/controllers/default.py: 0
[2014-11-20 23:49:25] EDIT init/controllers/default.py: 0
[2014-11-20 23:50:07] EDIT init/models/menu.py: 1
[2014-11-20 23:50:21] CREATE default/contactform.html: 0
[2014-11-20 23:51:00] EDIT init/views/default/contactform.html: 0
[2014-11-20 23:51:52] EDIT init/controllers/default.py: 0
[2014-11-20 23:52:09] EDIT init/controllers/default.py: 1
[2014-11-20 23:53:15] EDIT init/models/menu.py: 2
[2014-11-20 23:53:24] EDIT init/models/menu.py: 0
[2014-11-20 23:53:50] EDIT init/models/menu.py: -1
[2014-11-20 23:53:59] EDIT init/models/menu.py: 0
[2014-11-20 23:54:46] EDIT init/models/menu.py: 0
[2014-11-20 23:55:04] EDIT init/models/menu.py: 0
[2014-11-20 23:55:26] EDIT init/models/menu.py: 0
[2014-11-20 23:55:51] EDIT init/models/menu.py: 4
[2014-11-20 23:55:59] EDIT init/models/menu.py: 1
[2014-11-20 23:56:15] EDIT init/models/menu.py: 0
[2014-11-20 23:56:25] EDIT init/models/menu.py: -1
[2014-11-20 23:56:35] EDIT init/models/menu.py: -1
[2014-11-20 23:56:45] EDIT init/models/menu.py: -1
[2014-11-20 23:59:40] EDIT init/controllers/default.py: 0
[2014-11-20 23:59:48] EDIT init/controllers/default.py: 0
[2014-11-21 00:01:29] EDIT init/controllers/default.py: 0
[2014-11-21 00:01:52] EDIT init/controllers/default.py: 0
[2014-11-21 00:02:11] EDIT init/controllers/default.py: 0
[2014-11-21 00:03:49] EDIT init/models/menu.py: 1
[2014-11-21 00:04:06] EDIT init/models/menu.py: 1
[2014-11-21 00:46:25] EDIT init/controllers/default.py: 1
[2014-11-21 00:46:32] EDIT init/controllers/default.py: 0
[2014-11-21 00:48:26] EDIT init/views/default/index.html: -7
[2014-11-21 00:49:08] CREATE default/all_recipes.html: 0
[2014-11-21 00:49:24] EDIT init/views/default/all_recipes.html: 8
[2014-11-21 00:49:45] EDIT init/controllers/default.py: 1
[2014-11-21 00:50:59] EDIT init/views/default/all_recipes.html: 9
[2014-11-21 00:51:16] EDIT init/views/default/all_recipes.html: 0
[2014-11-21 00:54:55] CREATE default/search.html: 0
[2014-11-21 00:55:18] EDIT init/views/default/all_recipes.html: -9
[2014-11-21 00:56:41] EDIT init/views/default/search.html: 0
[2014-11-21 00:57:43] EDIT init/controllers/default.py: 0
[2014-11-21 00:58:59] EDIT init/views/default/search.html: 1
[2014-11-21 01:00:20] EDIT init/controllers/default.py: 0
[2014-11-21 01:05:27] EDIT init/controllers/default.py: 4
[2014-11-21 01:05:31] EDIT init/controllers/default.py: 0
[2014-11-21 01:05:41] EDIT init/controllers/default.py: 0
[2014-11-21 01:05:54] EDIT init/controllers/default.py: 2
[2014-11-21 01:05:59] EDIT init/controllers/default.py: 0
[2014-11-21 01:06:07] EDIT init/views/default/all_recipes.html: 0
[2014-11-21 01:06:56] EDIT init/views/default/all_recipes.html: 6
[2014-11-21 01:07:07] EDIT init/controllers/default.py: 0
[2014-11-21 01:07:16] EDIT init/controllers/default.py: 0
[2014-11-21 01:07:37] EDIT init/controllers/default.py: 0
[2014-11-21 01:08:49] EDIT init/views/default/all_recipes.html: 9
[2014-11-21 01:09:00] EDIT init/views/default/all_recipes.html: 0
[2014-11-21 01:09:13] EDIT init/views/default/all_recipes.html: 0
[2014-11-21 01:10:09] EDIT init/views/default/all_recipes.html: -5
[2014-11-21 01:12:12] EDIT init/controllers/default.py: 0
[2014-11-21 01:24:18] EDIT init/controllers/default.py: 5
[2014-11-21 01:25:43] EDIT init/views/default/show.html: 1
[2014-11-21 01:26:48] EDIT init/views/default/show.html: 2
[2014-11-21 01:27:59] EDIT init/controllers/default.py: 0
[2014-11-21 01:28:09] EDIT init/controllers/default.py: 0
[2014-11-21 01:28:18] EDIT init/controllers/default.py: 0
[2014-11-21 01:30:28] EDIT init/controllers/default.py: 0
[2014-11-21 01:31:36] EDIT init/views/default/index.html: 0
[2014-11-21 01:31:39] EDIT init/views/default/index.html: 0
[2014-11-21 01:31:54] EDIT init/views/default/index.html: 0
[2014-11-21 01:32:01] EDIT init/views/default/all_recipes.html: 0
[2014-11-21 01:32:06] EDIT init/views/default/my_recipes.html: 0
[2014-11-21 01:34:18] EDIT init/controllers/default.py: -2
[2014-11-21 01:34:35] EDIT init/controllers/default.py: 0
[2014-11-21 01:35:10] EDIT init/controllers/default.py: 0
[2014-11-21 01:35:40] EDIT init/controllers/default.py: 0
[2014-11-21 01:36:16] EDIT init/controllers/default.py: 0
[2014-11-21 01:36:40] EDIT init/controllers/default.py: 0
[2014-11-21 01:36:50] EDIT init/controllers/default.py: 0
[2014-11-21 01:37:33] EDIT init/controllers/default.py: 0
[2014-11-21 01:38:30] EDIT init/views/default/show.html: 0
[2014-11-21 01:39:16] EDIT init/views/default/show.html: 0
[2014-11-21 01:39:37] EDIT init/views/default/show.html: 0
[2014-11-21 01:39:55] EDIT init/views/default/show.html: 0
[2014-11-21 01:40:22] EDIT init/controllers/default.py: 0
[2014-11-21 01:40:45] CREATE default/edit.html: 0
[2014-11-21 01:41:13] EDIT init/views/default/edit.html: 2
[2014-11-21 01:41:27] EDIT init/static/js/web2py_bootstrap.js: 0
[2014-11-21 01:42:29] EDIT init/controllers/default.py: 1
[2014-11-21 01:45:50] EDIT init/controllers/default.py: 2
[2014-11-21 01:46:46] EDIT init/controllers/default.py: 0
[2014-11-21 01:48:56] EDIT init/views/default/show.html: 0
[2014-11-21 01:49:19] EDIT init/views/default/show.html: 0
[2014-11-21 01:49:54] EDIT init/views/default/show.html: 0
[2014-11-21 01:50:04] EDIT init/views/default/show.html: 0
[2014-11-21 01:50:07] EDIT init/views/default/show.html: 0
[2014-11-21 01:50:23] EDIT init/views/default/show.html: 0
[2014-11-21 01:50:30] EDIT init/views/default/show.html: 0
[2014-11-21 01:51:03] EDIT init/views/default/show.html: 0
[2014-11-21 01:51:08] EDIT init/views/default/show.html: 0
[2014-11-21 01:51:31] EDIT init/views/default/show.html: 0
[2014-11-21 01:52:03] EDIT init/views/default/show.html: 0
[2014-11-21 01:52:25] EDIT init/views/default/show.html: 0
[2014-11-21 01:52:36] EDIT init/views/default/show.html: 0
[2014-11-21 01:52:43] EDIT init/views/default/show.html: 0
[2014-11-21 01:54:44] EDIT init/controllers/default.py: 6
[2014-11-21 01:55:35] EDIT init/views/default/show.html: 1
[2014-11-21 01:55:39] EDIT init/views/default/show.html: 0
[2014-11-21 01:55:48] EDIT init/views/default/show.html: 0
[2014-11-21 01:57:26] EDIT init/controllers/default.py: 0
[2014-11-21 01:59:25] EDIT init/controllers/default.py: 1
[2014-11-21 01:59:36] EDIT init/controllers/default.py: 1
[2014-11-21 02:00:27] EDIT init/controllers/default.py: 1
[2014-11-21 02:00:41] EDIT init/controllers/default.py: 1
[2014-11-21 02:00:50] EDIT init/controllers/default.py: 1
[2014-11-21 02:00:54] EDIT init/controllers/default.py: 0
[2014-11-21 02:01:02] EDIT init/controllers/default.py: 1
[2014-11-21 02:01:08] EDIT init/controllers/default.py: 0
[2014-11-21 02:01:28] EDIT init/controllers/default.py: 0
[2014-11-21 02:01:39] EDIT init/controllers/default.py: 0
[2014-11-21 02:01:44] EDIT init/controllers/default.py: 0
[2014-11-21 02:02:01] EDIT init/controllers/default.py: 0
[2014-11-21 07:19:15] EDIT init/models/db.py: 0
[2014-11-21 07:20:40] EDIT init/models/db.py: 0
[2014-11-21 07:21:13] EDIT init/controllers/default.py: 2
[2014-11-21 07:23:10] EDIT init/models/db.py: 0
[2014-11-21 16:40:33] EDIT init/views/layout.html: 8
[2014-11-21 16:41:45] EDIT init/views/layout.html: 2
[2014-11-21 16:43:13] EDIT init/views/layout.html: 0
[2014-11-21 16:43:56] EDIT init/views/layout.html: 0
[2014-11-21 16:45:38] EDIT init/views/layout.html: 0
[2014-11-21 16:45:58] EDIT init/views/layout.html: 0
[2014-11-21 16:46:41] EDIT init/views/layout.html: 0
[2014-11-21 16:48:06] EDIT init/views/layout.html: 0
[2014-11-21 16:49:59] EDIT init/controllers/default.py: 4
[2014-11-21 16:50:14] EDIT init/views/layout.html: 0
[2014-11-21 16:50:40] EDIT init/controllers/default.py: 0
[2014-11-21 16:52:00] EDIT init/views/default/search.html: 17
[2014-11-21 16:52:25] EDIT init/controllers/default.py: 1
[2014-11-21 16:53:33] EDIT init/controllers/default.py: 6
[2014-11-21 18:48:06] EDIT init/views/default/all_recipes.html: 0
[2014-11-21 18:48:27] EDIT init/views/default/search.html: 0
[2014-11-21 18:48:36] EDIT init/views/default/index.html: 0
[2014-11-21 18:48:42] EDIT init/views/default/my_recipes.html: 0
[2014-11-21 18:49:05] EDIT init/views/default/my_recipes.html: 0
[2014-11-21 18:49:10] EDIT init/views/default/index.html: 0
[2014-11-21 18:49:14] EDIT init/views/default/search.html: 0
[2014-11-21 18:49:20] EDIT init/views/default/all_recipes.html: 0
[2014-11-21 18:50:08] EDIT init/views/default/all_recipes.html: 0
[2014-11-21 18:50:12] EDIT init/views/default/search.html: 0
[2014-11-21 18:50:17] EDIT init/views/default/index.html: 0
[2014-11-21 18:50:20] EDIT init/views/default/my_recipes.html: 0
